600669:C 24 Jun 2022 02:33:29.022 # oO0OoO0OoO0Oo Redis is starting oO0OoO0OoO0Oo
600669:C 24 Jun 2022 02:33:29.023 # Redis version=7.0.1, bits=64, commit=00000000, modified=0, pid=600669, just started
600669:C 24 Jun 2022 02:33:29.023 # Warning: no config file specified, using the default config. In order to specify a config file use redis-server /path/to/redis.conf
600669:M 24 Jun 2022 02:33:29.024 * monotonic clock: POSIX clock_gettime
600669:M 24 Jun 2022 02:33:29.026 * Running mode=standalone, port=6379.
600669:M 24 Jun 2022 02:33:29.026 # Server initialized
600669:M 24 Jun 2022 02:33:29.027 * Ready to accept connections
600669:M 24 Jun 2022 03:33:30.061 * 1 changes in 3600 seconds. Saving...
600669:M 24 Jun 2022 03:33:30.062 * Background saving started by pid 613995
613995:C 24 Jun 2022 03:33:30.122 * DB saved on disk
613995:C 24 Jun 2022 03:33:30.122 * Fork CoW for RDB: current 0 MB, peak 0 MB, average 0 MB
600669:M 24 Jun 2022 03:33:30.162 * Background saving terminated with success
10886:C 07 Jul 2022 03:57:25.078 # oO0OoO0OoO0Oo Redis is starting oO0OoO0OoO0Oo
10886:C 07 Jul 2022 03:57:25.078 # Redis version=7.0.2, bits=64, commit=00000000, modified=0, pid=10886, just started
10886:C 07 Jul 2022 03:57:25.078 # Warning: no config file specified, using the default config. In order to specify a config file use redis-server /path/to/redis.conf
10886:M 07 Jul 2022 03:57:25.078 * monotonic clock: POSIX clock_gettime
10886:M 07 Jul 2022 03:57:25.079 * Running mode=standalone, port=6379.
10886:M 07 Jul 2022 03:57:25.079 # Server initialized
10886:M 07 Jul 2022 03:57:25.079 * Loading RDB produced by version 7.0.1
10886:M 07 Jul 2022 03:57:25.079 * RDB age 1124635 seconds
10886:M 07 Jul 2022 03:57:25.079 * RDB memory usage when created 0.97 Mb
10886:M 07 Jul 2022 03:57:25.079 * Done loading RDB, keys loaded: 1, keys expired: 0.
10886:M 07 Jul 2022 03:57:25.079 * DB loaded from disk: 0.000 seconds
10886:M 07 Jul 2022 03:57:25.079 * Ready to accept connections
