118882:C 20 Jun 2022 22:42:38.374 # oO0OoO0OoO0Oo Redis is starting oO0OoO0OoO0Oo
118882:C 20 Jun 2022 22:42:38.374 # Redis version=7.0.1, bits=64, commit=00000000, modified=0, pid=118882, just started
118882:C 20 Jun 2022 22:42:38.374 # Warning: no config file specified, using the default config. In order to specify a config file use redis-server /path/to/redis.conf
118882:M 20 Jun 2022 22:42:38.374 * monotonic clock: POSIX clock_gettime
118882:M 20 Jun 2022 22:42:38.378 * Running mode=standalone, port=6379.
118882:M 20 Jun 2022 22:42:38.378 # Server initialized
118882:M 20 Jun 2022 22:42:38.378 * Ready to accept connections
118882:M 20 Jun 2022 22:45:47.248 # Possible SECURITY ATTACK detected. It looks like somebody is sending POST or Host: commands to Redis. This is likely due to an attacker attempting to use Cross Protocol Scripting to compromise your Redis instance. Connection aborted.
66440:C 28 Jun 2022 00:21:38.660 # oO0OoO0OoO0Oo Redis is starting oO0OoO0OoO0Oo
66440:C 28 Jun 2022 00:21:38.677 # Redis version=7.0.1, bits=64, commit=00000000, modified=0, pid=66440, just started
66440:C 28 Jun 2022 00:21:38.677 # Warning: no config file specified, using the default config. In order to specify a config file use redis-server /path/to/redis.conf
66440:M 28 Jun 2022 00:21:38.678 * monotonic clock: POSIX clock_gettime
66440:M 28 Jun 2022 00:21:38.679 * Running mode=standalone, port=6379.
66440:M 28 Jun 2022 00:21:38.679 # Server initialized
66440:M 28 Jun 2022 00:21:38.680 * Ready to accept connections
34026:C 28 Jun 2022 17:29:03.938 # oO0OoO0OoO0Oo Redis is starting oO0OoO0OoO0Oo
34026:C 28 Jun 2022 17:29:03.938 # Redis version=7.0.1, bits=64, commit=00000000, modified=0, pid=34026, just started
34026:C 28 Jun 2022 17:29:03.938 # Warning: no config file specified, using the default config. In order to specify a config file use redis-server /path/to/redis.conf
34026:M 28 Jun 2022 17:29:03.940 * monotonic clock: POSIX clock_gettime
34026:M 28 Jun 2022 17:29:03.942 * Running mode=standalone, port=6379.
34026:M 28 Jun 2022 17:29:03.942 # Server initialized
34026:M 28 Jun 2022 17:29:03.943 * Ready to accept connections
