8788:C 05 Jul 2022 19:27:10.647 # oO0OoO0OoO0Oo Redis is starting oO0OoO0OoO0Oo
8788:C 05 Jul 2022 19:27:10.648 # Redis version=7.0.1, bits=64, commit=00000000, modified=0, pid=8788, just started
8788:C 05 Jul 2022 19:27:10.648 # Warning: no config file specified, using the default config. In order to specify a config file use redis-server /path/to/redis.conf
8788:M 05 Jul 2022 19:27:10.648 * monotonic clock: POSIX clock_gettime
8788:M 05 Jul 2022 19:27:10.650 * Running mode=standalone, port=6379.
8788:M 05 Jul 2022 19:27:10.650 # Server initialized
8788:M 05 Jul 2022 19:27:10.653 * Ready to accept connections
8788:M 05 Jul 2022 20:27:11.094 * 1 changes in 3600 seconds. Saving...
8788:M 05 Jul 2022 20:27:11.095 * Background saving started by pid 23698
23698:C 05 Jul 2022 20:27:11.125 * DB saved on disk
23698:C 05 Jul 2022 20:27:11.127 * Fork CoW for RDB: current 0 MB, peak 0 MB, average 0 MB
8788:M 05 Jul 2022 20:27:11.196 * Background saving terminated with success
8788:M 05 Jul 2022 21:27:12.040 * 1 changes in 3600 seconds. Saving...
8788:M 05 Jul 2022 21:27:12.041 * Background saving started by pid 38608
38608:C 05 Jul 2022 21:27:12.087 * DB saved on disk
38608:C 05 Jul 2022 21:27:12.088 * Fork CoW for RDB: current 0 MB, peak 0 MB, average 0 MB
8788:M 05 Jul 2022 21:27:12.141 * Background saving terminated with success
8788:M 05 Jul 2022 22:29:04.850 * 1 changes in 3600 seconds. Saving...
8788:M 05 Jul 2022 22:29:04.850 * Background saving started by pid 51472
51472:C 05 Jul 2022 22:29:05.823 * DB saved on disk
51472:C 05 Jul 2022 22:29:05.823 * Fork CoW for RDB: current 0 MB, peak 0 MB, average 0 MB
8788:M 05 Jul 2022 22:29:05.853 * Background saving terminated with success
8788:M 05 Jul 2022 23:29:06.085 * 1 changes in 3600 seconds. Saving...
8788:M 05 Jul 2022 23:29:06.085 * Background saving started by pid 67847
67847:C 05 Jul 2022 23:29:06.119 * DB saved on disk
67847:C 05 Jul 2022 23:29:06.120 * Fork CoW for RDB: current 0 MB, peak 0 MB, average 0 MB
8788:M 05 Jul 2022 23:29:06.186 * Background saving terminated with success
8788:M 06 Jul 2022 00:30:31.313 * 1 changes in 3600 seconds. Saving...
8788:M 06 Jul 2022 00:30:31.313 * Background saving started by pid 79668
79668:C 06 Jul 2022 00:30:31.373 * DB saved on disk
79668:C 06 Jul 2022 00:30:31.374 * Fork CoW for RDB: current 0 MB, peak 0 MB, average 0 MB
8788:M 06 Jul 2022 00:30:31.414 * Background saving terminated with success
8788:M 06 Jul 2022 01:30:32.050 * 1 changes in 3600 seconds. Saving...
8788:M 06 Jul 2022 01:30:32.051 * Background saving started by pid 92075
92075:C 06 Jul 2022 01:30:32.099 * DB saved on disk
92075:C 06 Jul 2022 01:30:32.101 * Fork CoW for RDB: current 0 MB, peak 0 MB, average 0 MB
8788:M 06 Jul 2022 01:30:32.152 * Background saving terminated with success
8788:M 06 Jul 2022 02:30:33.028 * 1 changes in 3600 seconds. Saving...
8788:M 06 Jul 2022 02:30:33.029 * Background saving started by pid 104574
104574:C 06 Jul 2022 02:30:33.059 * DB saved on disk
104574:C 06 Jul 2022 02:30:33.061 * Fork CoW for RDB: current 0 MB, peak 0 MB, average 0 MB
8788:M 06 Jul 2022 02:30:33.129 * Background saving terminated with success
